# JRE version: OpenJDK Runtime Environment (8.0_292-b10) (build 1.8.0_292-b10)
# Java VM: OpenJDK 64-Bit Server VM (25.292-b10 mixed mode bsd-amd64 compressed oops)
Heap:
 PSYoungGen      total 141824K, used 41497K [0x00000007e5d80000, 0x00000007ef280000, 0x00000007f0800000)
  eden space 131072K, 31% used [0x00000007e5d80000,0x00000007e8606790,0x00000007edd80000)
  from space 10752K, 0% used [0x00000007ee800000,0x00000007ee800000,0x00000007ef280000)
  to   space 10752K, 0% used [0x00000007edd80000,0x00000007edd80000,0x00000007ee800000)
 ParOldGen       total 175104K, used 7326K [0x00000007d0800000, 0x00000007db300000, 0x00000007e5d80000)
  object space 175104K, 4% used [0x00000007d0800000,0x00000007d0f27ac8,0x00000007db300000)
 Metaspace       used 23866K, capacity 24650K, committed 24832K, reserved 1071104K
  class space    used 3545K, capacity 3735K, committed 3840K, reserved 1048576K
GC Heap History (10 events):
Event: 0.762 GC heap before
{Heap before GC invocations=1 (full 0):
 PSYoungGen      total 76288K, used 65536K [0x00000007e5d80000, 0x00000007eb280000, 0x00000007f0800000)
  eden space 65536K, 100% used [0x00000007e5d80000,0x00000007e9d80000,0x00000007e9d80000)
  from space 10752K, 0% used [0x00000007ea800000,0x00000007ea800000,0x00000007eb280000)
  to   space 10752K, 0% used [0x00000007e9d80000,0x00000007e9d80000,0x00000007ea800000)
 ParOldGen       total 175104K, used 0K [0x00000007d0800000, 0x00000007db300000, 0x00000007e5d80000)
  object space 175104K, 0% used [0x00000007d0800000,0x00000007d0800000,0x00000007db300000)
 Metaspace       used 7965K, capacity 8278K, committed 8320K, reserved 1056768K
  class space    used 1040K, capacity 1141K, committed 1152K, reserved 1048576K
Event: 0.767 GC heap after
Heap after GC invocations=1 (full 0):
 PSYoungGen      total 76288K, used 6594K [0x00000007e5d80000, 0x00000007eb280000, 0x00000007f0800000)
  eden space 65536K, 0% used [0x00000007e5d80000,0x00000007e5d80000,0x00000007e9d80000)
  from space 10752K, 61% used [0x00000007e9d80000,0x00000007ea3f0bd0,0x00000007ea800000)
  to   space 10752K, 0% used [0x00000007ea800000,0x00000007ea800000,0x00000007eb280000)
 ParOldGen       total 175104K, used 16K [0x00000007d0800000, 0x00000007db300000, 0x00000007e5d80000)
  object space 175104K, 0% used [0x00000007d0800000,0x00000007d0804000,0x00000007db300000)
 Metaspace       used 7965K, capacity 8278K, committed 8320K, reserved 1056768K
  class space    used 1040K, capacity 1141K, committed 1152K, reserved 1048576K
}
Event: 1.472 GC heap before
{Heap before GC invocations=2 (full 0):
 PSYoungGen      total 76288K, used 72130K [0x00000007e5d80000, 0x00000007eb280000, 0x00000007f0800000)
  eden space 65536K, 100% used [0x00000007e5d80000,0x00000007e9d80000,0x00000007e9d80000)
  from space 10752K, 61% used [0x00000007e9d80000,0x00000007ea3f0bd0,0x00000007ea800000)
  to   space 10752K, 0% used [0x00000007ea800000,0x00000007ea800000,0x00000007eb280000)
 ParOldGen       total 175104K, used 16K [0x00000007d0800000, 0x00000007db300000, 0x00000007e5d80000)
  object space 175104K, 0% used [0x00000007d0800000,0x00000007d0804000,0x00000007db300000)
 Metaspace       used 15677K, capacity 16194K, committed 16256K, reserved 1062912K
  class space    used 2232K, capacity 2383K, committed 2432K, reserved 1048576K
Event: 1.480 GC heap after
Heap after GC invocations=2 (full 0):
 PSYoungGen      total 76288K, used 10587K [0x00000007e5d80000, 0x00000007eb280000, 0x00000007f0800000)
  eden space 65536K, 0% used [0x00000007e5d80000,0x00000007e5d80000,0x00000007e9d80000)
  from space 10752K, 98% used [0x00000007ea800000,0x00000007eb256cc0,0x00000007eb280000)
  to   space 10752K, 0% used [0x00000007e9d80000,0x00000007e9d80000,0x00000007ea800000)
 ParOldGen       total 175104K, used 24K [0x00000007d0800000, 0x00000007db300000, 0x00000007e5d80000)
  object space 175104K, 0% used [0x00000007d0800000,0x00000007d0806000,0x00000007db300000)
 Metaspace       used 15677K, capacity 16194K, committed 16256K, reserved 1062912K
  class space    used 2232K, capacity 2383K, committed 2432K, reserved 1048576K
}
Event: 1.948 GC heap before
{Heap before GC invocations=3 (full 0):
 PSYoungGen      total 76288K, used 76123K [0x00000007e5d80000, 0x00000007eb280000, 0x00000007f0800000)
  eden space 65536K, 100% used [0x00000007e5d80000,0x00000007e9d80000,0x00000007e9d80000)
  from space 10752K, 98% used [0x00000007ea800000,0x00000007eb256cc0,0x00000007eb280000)
  to   space 10752K, 0% used [0x00000007e9d80000,0x00000007e9d80000,0x00000007ea800000)
 ParOldGen       total 175104K, used 24K [0x00000007d0800000, 0x00000007db300000, 0x00000007e5d80000)
  object space 175104K, 0% used [0x00000007d0800000,0x00000007d0806000,0x00000007db300000)
 Metaspace       used 19897K, capacity 20586K, committed 20864K, reserved 1067008K
  class space    used 2920K, capacity 3105K, committed 3200K, reserved 1048576K
Event: 1.955 GC heap after
Heap after GC invocations=3 (full 0):
 PSYoungGen      total 76288K, used 10738K [0x00000007e5d80000, 0x00000007ef280000, 0x00000007f0800000)
  eden space 65536K, 0% used [0x00000007e5d80000,0x00000007e5d80000,0x00000007e9d80000)
  from space 10752K, 99% used [0x00000007e9d80000,0x00000007ea7fc9d8,0x00000007ea800000)
  to   space 10752K, 0% used [0x00000007ee800000,0x00000007ee800000,0x00000007ef280000)
 ParOldGen       total 175104K, used 227K [0x00000007d0800000, 0x00000007db300000, 0x00000007e5d80000)
  object space 175104K, 0% used [0x00000007d0800000,0x00000007d0838c98,0x00000007db300000)
 Metaspace       used 19897K, capacity 20586K, committed 20864K, reserved 1067008K
  class space    used 2920K, capacity 3105K, committed 3200K, reserved 1048576K
}
Event: 2.031 GC heap before
{Heap before GC invocations=4 (full 0):
 PSYoungGen      total 76288K, used 21545K [0x00000007e5d80000, 0x00000007ef280000, 0x00000007f0800000)
  eden space 65536K, 16% used [0x00000007e5d80000,0x00000007e680dc40,0x00000007e9d80000)
  from space 10752K, 99% used [0x00000007e9d80000,0x00000007ea7fc9d8,0x00000007ea800000)
  to   space 10752K, 0% used [0x00000007ee800000,0x00000007ee800000,0x00000007ef280000)
 ParOldGen       total 175104K, used 227K [0x00000007d0800000, 0x00000007db300000, 0x00000007e5d80000)
  object space 175104K, 0% used [0x00000007d0800000,0x00000007d0838c98,0x00000007db300000)
 Metaspace       used 20494K, capacity 21110K, committed 21248K, reserved 1067008K
  class space    used 3020K, capacity 3211K, committed 3328K, reserved 1048576K
Event: 2.036 GC heap after
Heap after GC invocations=4 (full 0):
 PSYoungGen      total 141824K, used 7513K [0x00000007e5d80000, 0x00000007ef280000, 0x00000007f0800000)
  eden space 131072K, 0% used [0x00000007e5d80000,0x00000007e5d80000,0x00000007edd80000)
  from space 10752K, 69% used [0x00000007ee800000,0x00000007eef56418,0x00000007ef280000)
  to   space 10752K, 0% used [0x00000007edd80000,0x00000007edd80000,0x00000007ee800000)
 ParOldGen       total 175104K, used 235K [0x00000007d0800000, 0x00000007db300000, 0x00000007e5d80000)
  object space 175104K, 0% used [0x00000007d0800000,0x00000007d083ac98,0x00000007db300000)
 Metaspace       used 20494K, capacity 21110K, committed 21248K, reserved 1067008K
  class space    used 3020K, capacity 3211K, committed 3328K, reserved 1048576K
}
Event: 2.036 GC heap before
{Heap before GC invocations=5 (full 1):
 PSYoungGen      total 141824K, used 7513K [0x00000007e5d80000, 0x00000007ef280000, 0x00000007f0800000)
  eden space 131072K, 0% used [0x00000007e5d80000,0x00000007e5d80000,0x00000007edd80000)
  from space 10752K, 69% used [0x00000007ee800000,0x00000007eef56418,0x00000007ef280000)
  to   space 10752K, 0% used [0x00000007edd80000,0x00000007edd80000,0x00000007ee800000)
 ParOldGen       total 175104K, used 235K [0x00000007d0800000, 0x00000007db300000, 0x00000007e5d80000)
  object space 175104K, 0% used [0x00000007d0800000,0x00000007d083ac98,0x00000007db300000)
 Metaspace       used 20494K, capacity 21110K, committed 21248K, reserved 1067008K
  class space    used 3020K, capacity 3211K, committed 3328K, reserved 1048576K
Event: 2.062 GC heap after
Heap after GC invocations=5 (full 1):
 PSYoungGen      total 141824K, used 0K [0x00000007e5d80000, 0x00000007ef280000, 0x00000007f0800000)
  eden space 131072K, 0% used [0x00000007e5d80000,0x00000007e5d80000,0x00000007edd80000)
  from space 10752K, 0% used [0x00000007ee800000,0x00000007ee800000,0x00000007ef280000)
  to   space 10752K, 0% used [0x00000007edd80000,0x00000007edd80000,0x00000007ee800000)
 ParOldGen       total 175104K, used 7326K [0x00000007d0800000, 0x00000007db300000, 0x00000007e5d80000)
  object space 175104K, 4% used [0x00000007d0800000,0x00000007d0f27ac8,0x00000007db300000)
 Metaspace       used 20494K, capacity 21110K, committed 21248K, reserved 1067008K
  class space    used 3020K, capacity 3211K, committed 3328K, reserved 1048576K
}

